CRITICAL - 2020-11-27 00:47:06 --> Class 'Codeigniter\Model' not found
#0 C:\xampp\htdocs\crudCode\vendor\codeigniter4\framework\system\Autoloader\Autoloader.php(365): require_once()
#1 C:\xampp\htdocs\crudCode\vendor\codeigniter4\framework\system\Autoloader\Autoloader.php(296): CodeIgniter\Autoloader\Autoloader->requireFile('C:\\xampp\\htdocs...')
#2 C:\xampp\htdocs\crudCode\vendor\codeigniter4\framework\system\Autoloader\Autoloader.php(258): CodeIgniter\Autoloader\Autoloader->loadInNamespace('App\\Models\\Crud...')
#3 [internal function]: CodeIgniter\Autoloader\Autoloader->loadClass('App\\Models\\Crud...')
#4 C:\xampp\htdocs\crudCode\app\Controllers\Crud.php(9): spl_autoload_call('App\\Models\\Crud...')
#5 C:\xampp\htdocs\crudCode\vendor\codeigniter4\framework\system\CodeIgniter.php(918): App\Controllers\Crud->index()
#6 C:\xampp\htdocs\crudCode\vendor\codeigniter4\framework\system\CodeIgniter.php(404): CodeIgniter\CodeIgniter->runController(Object(App\Controllers\Crud))
#7 C:\xampp\htdocs\crudCode\vendor\codeigniter4\framework\system\CodeIgniter.php(312): CodeIgniter\CodeIgniter->handleRequest(NULL, Object(Config\Cache), false)
#8 C:\xampp\htdocs\crudCode\public\index.php(45): CodeIgniter\CodeIgniter->run()
#9 {main}
CRITICAL - 2020-11-27 00:47:30 --> Class 'Codeigniter\Model' not found
#0 C:\xampp\htdocs\crudCode\vendor\codeigniter4\framework\system\Autoloader\Autoloader.php(365): require_once()
#1 C:\xampp\htdocs\crudCode\vendor\codeigniter4\framework\system\Autoloader\Autoloader.php(296): CodeIgniter\Autoloader\Autoloader->requireFile('C:\\xampp\\htdocs...')
#2 C:\xampp\htdocs\crudCode\vendor\codeigniter4\framework\system\Autoloader\Autoloader.php(258): CodeIgniter\Autoloader\Autoloader->loadInNamespace('App\\Models\\Crud...')
#3 [internal function]: CodeIgniter\Autoloader\Autoloader->loadClass('App\\Models\\Crud...')
#4 C:\xampp\htdocs\crudCode\app\Controllers\Crud.php(9): spl_autoload_call('App\\Models\\Crud...')
#5 C:\xampp\htdocs\crudCode\vendor\codeigniter4\framework\system\CodeIgniter.php(918): App\Controllers\Crud->index()
#6 C:\xampp\htdocs\crudCode\vendor\codeigniter4\framework\system\CodeIgniter.php(404): CodeIgniter\CodeIgniter->runController(Object(App\Controllers\Crud))
#7 C:\xampp\htdocs\crudCode\vendor\codeigniter4\framework\system\CodeIgniter.php(312): CodeIgniter\CodeIgniter->handleRequest(NULL, Object(Config\Cache), false)
#8 C:\xampp\htdocs\crudCode\public\index.php(45): CodeIgniter\CodeIgniter->run()
#9 {main}
CRITICAL - 2020-11-27 00:51:08 --> Table 'crudcode.t_personas' doesn't exist
#0 C:\xampp\htdocs\crudCode\vendor\codeigniter4\framework\system\Database\MySQLi\Connection.php(331): mysqli->query('SELECT * FROM t...')
#1 C:\xampp\htdocs\crudCode\vendor\codeigniter4\framework\system\Database\BaseConnection.php(741): CodeIgniter\Database\MySQLi\Connection->execute('SELECT * FROM t...')
#2 C:\xampp\htdocs\crudCode\vendor\codeigniter4\framework\system\Database\BaseConnection.php(669): CodeIgniter\Database\BaseConnection->simpleQuery('SELECT * FROM t...')
#3 C:\xampp\htdocs\crudCode\app\Models\CrudModel.php(7): CodeIgniter\Database\BaseConnection->query('SELECT * FROM t...')
#4 C:\xampp\htdocs\crudCode\app\Controllers\Crud.php(10): App\Models\CrudModel->listarNombres()
#5 C:\xampp\htdocs\crudCode\vendor\codeigniter4\framework\system\CodeIgniter.php(918): App\Controllers\Crud->index()
#6 C:\xampp\htdocs\crudCode\vendor\codeigniter4\framework\system\CodeIgniter.php(404): CodeIgniter\CodeIgniter->runController(Object(App\Controllers\Crud))
#7 C:\xampp\htdocs\crudCode\vendor\codeigniter4\framework\system\CodeIgniter.php(312): CodeIgniter\CodeIgniter->handleRequest(NULL, Object(Config\Cache), false)
#8 C:\xampp\htdocs\crudCode\public\index.php(45): CodeIgniter\CodeIgniter->run()
#9 {main}
CRITICAL - 2020-11-27 00:54:15 --> Table 'crudcode.t_personas' doesn't exist
#0 C:\xampp\htdocs\crudCode\vendor\codeigniter4\framework\system\Database\MySQLi\Connection.php(331): mysqli->query('SELECT * FROM t...')
#1 C:\xampp\htdocs\crudCode\vendor\codeigniter4\framework\system\Database\BaseConnection.php(741): CodeIgniter\Database\MySQLi\Connection->execute('SELECT * FROM t...')
#2 C:\xampp\htdocs\crudCode\vendor\codeigniter4\framework\system\Database\BaseConnection.php(669): CodeIgniter\Database\BaseConnection->simpleQuery('SELECT * FROM t...')
#3 C:\xampp\htdocs\crudCode\app\Models\CrudModel.php(7): CodeIgniter\Database\BaseConnection->query('SELECT * FROM t...')
#4 C:\xampp\htdocs\crudCode\app\Controllers\Crud.php(10): App\Models\CrudModel->listarNombres()
#5 C:\xampp\htdocs\crudCode\vendor\codeigniter4\framework\system\CodeIgniter.php(918): App\Controllers\Crud->index()
#6 C:\xampp\htdocs\crudCode\vendor\codeigniter4\framework\system\CodeIgniter.php(404): CodeIgniter\CodeIgniter->runController(Object(App\Controllers\Crud))
#7 C:\xampp\htdocs\crudCode\vendor\codeigniter4\framework\system\CodeIgniter.php(312): CodeIgniter\CodeIgniter->handleRequest(NULL, Object(Config\Cache), false)
#8 C:\xampp\htdocs\crudCode\public\index.php(45): CodeIgniter\CodeIgniter->run()
#9 {main}
CRITICAL - 2020-11-27 00:54:17 --> Table 'crudcode.t_personas' doesn't exist
#0 C:\xampp\htdocs\crudCode\vendor\codeigniter4\framework\system\Database\MySQLi\Connection.php(331): mysqli->query('SELECT * FROM t...')
#1 C:\xampp\htdocs\crudCode\vendor\codeigniter4\framework\system\Database\BaseConnection.php(741): CodeIgniter\Database\MySQLi\Connection->execute('SELECT * FROM t...')
#2 C:\xampp\htdocs\crudCode\vendor\codeigniter4\framework\system\Database\BaseConnection.php(669): CodeIgniter\Database\BaseConnection->simpleQuery('SELECT * FROM t...')
#3 C:\xampp\htdocs\crudCode\app\Models\CrudModel.php(7): CodeIgniter\Database\BaseConnection->query('SELECT * FROM t...')
#4 C:\xampp\htdocs\crudCode\app\Controllers\Crud.php(10): App\Models\CrudModel->listarNombres()
#5 C:\xampp\htdocs\crudCode\vendor\codeigniter4\framework\system\CodeIgniter.php(918): App\Controllers\Crud->index()
#6 C:\xampp\htdocs\crudCode\vendor\codeigniter4\framework\system\CodeIgniter.php(404): CodeIgniter\CodeIgniter->runController(Object(App\Controllers\Crud))
#7 C:\xampp\htdocs\crudCode\vendor\codeigniter4\framework\system\CodeIgniter.php(312): CodeIgniter\CodeIgniter->handleRequest(NULL, Object(Config\Cache), false)
#8 C:\xampp\htdocs\crudCode\public\index.php(45): CodeIgniter\CodeIgniter->run()
#9 {main}
CRITICAL - 2020-11-27 00:54:18 --> Table 'crudcode.t_personas' doesn't exist
#0 C:\xampp\htdocs\crudCode\vendor\codeigniter4\framework\system\Database\MySQLi\Connection.php(331): mysqli->query('SELECT * FROM t...')
#1 C:\xampp\htdocs\crudCode\vendor\codeigniter4\framework\system\Database\BaseConnection.php(741): CodeIgniter\Database\MySQLi\Connection->execute('SELECT * FROM t...')
#2 C:\xampp\htdocs\crudCode\vendor\codeigniter4\framework\system\Database\BaseConnection.php(669): CodeIgniter\Database\BaseConnection->simpleQuery('SELECT * FROM t...')
#3 C:\xampp\htdocs\crudCode\app\Models\CrudModel.php(7): CodeIgniter\Database\BaseConnection->query('SELECT * FROM t...')
#4 C:\xampp\htdocs\crudCode\app\Controllers\Crud.php(10): App\Models\CrudModel->listarNombres()
#5 C:\xampp\htdocs\crudCode\vendor\codeigniter4\framework\system\CodeIgniter.php(918): App\Controllers\Crud->index()
#6 C:\xampp\htdocs\crudCode\vendor\codeigniter4\framework\system\CodeIgniter.php(404): CodeIgniter\CodeIgniter->runController(Object(App\Controllers\Crud))
#7 C:\xampp\htdocs\crudCode\vendor\codeigniter4\framework\system\CodeIgniter.php(312): CodeIgniter\CodeIgniter->handleRequest(NULL, Object(Config\Cache), false)
#8 C:\xampp\htdocs\crudCode\public\index.php(45): CodeIgniter\CodeIgniter->run()
#9 {main}
CRITICAL - 2020-11-27 00:54:19 --> Table 'crudcode.t_personas' doesn't exist
#0 C:\xampp\htdocs\crudCode\vendor\codeigniter4\framework\system\Database\MySQLi\Connection.php(331): mysqli->query('SELECT * FROM t...')
#1 C:\xampp\htdocs\crudCode\vendor\codeigniter4\framework\system\Database\BaseConnection.php(741): CodeIgniter\Database\MySQLi\Connection->execute('SELECT * FROM t...')
#2 C:\xampp\htdocs\crudCode\vendor\codeigniter4\framework\system\Database\BaseConnection.php(669): CodeIgniter\Database\BaseConnection->simpleQuery('SELECT * FROM t...')
#3 C:\xampp\htdocs\crudCode\app\Models\CrudModel.php(7): CodeIgniter\Database\BaseConnection->query('SELECT * FROM t...')
#4 C:\xampp\htdocs\crudCode\app\Controllers\Crud.php(10): App\Models\CrudModel->listarNombres()
#5 C:\xampp\htdocs\crudCode\vendor\codeigniter4\framework\system\CodeIgniter.php(918): App\Controllers\Crud->index()
#6 C:\xampp\htdocs\crudCode\vendor\codeigniter4\framework\system\CodeIgniter.php(404): CodeIgniter\CodeIgniter->runController(Object(App\Controllers\Crud))
#7 C:\xampp\htdocs\crudCode\vendor\codeigniter4\framework\system\CodeIgniter.php(312): CodeIgniter\CodeIgniter->handleRequest(NULL, Object(Config\Cache), false)
#8 C:\xampp\htdocs\crudCode\public\index.php(45): CodeIgniter\CodeIgniter->run()
#9 {main}
CRITICAL - 2020-11-27 00:54:21 --> Table 'crudcode.t_personas' doesn't exist
#0 C:\xampp\htdocs\crudCode\vendor\codeigniter4\framework\system\Database\MySQLi\Connection.php(331): mysqli->query('SELECT * FROM t...')
#1 C:\xampp\htdocs\crudCode\vendor\codeigniter4\framework\system\Database\BaseConnection.php(741): CodeIgniter\Database\MySQLi\Connection->execute('SELECT * FROM t...')
#2 C:\xampp\htdocs\crudCode\vendor\codeigniter4\framework\system\Database\BaseConnection.php(669): CodeIgniter\Database\BaseConnection->simpleQuery('SELECT * FROM t...')
#3 C:\xampp\htdocs\crudCode\app\Models\CrudModel.php(7): CodeIgniter\Database\BaseConnection->query('SELECT * FROM t...')
#4 C:\xampp\htdocs\crudCode\app\Controllers\Crud.php(10): App\Models\CrudModel->listarNombres()
#5 C:\xampp\htdocs\crudCode\vendor\codeigniter4\framework\system\CodeIgniter.php(918): App\Controllers\Crud->index()
#6 C:\xampp\htdocs\crudCode\vendor\codeigniter4\framework\system\CodeIgniter.php(404): CodeIgniter\CodeIgniter->runController(Object(App\Controllers\Crud))
#7 C:\xampp\htdocs\crudCode\vendor\codeigniter4\framework\system\CodeIgniter.php(312): CodeIgniter\CodeIgniter->handleRequest(NULL, Object(Config\Cache), false)
#8 C:\xampp\htdocs\crudCode\public\index.php(45): CodeIgniter\CodeIgniter->run()
#9 {main}
CRITICAL - 2020-11-27 00:55:04 --> Table 'crudcode.t_personas' doesn't exist
#0 C:\xampp\htdocs\crudCode\vendor\codeigniter4\framework\system\Database\MySQLi\Connection.php(331): mysqli->query('SELECT * FROM t...')
#1 C:\xampp\htdocs\crudCode\vendor\codeigniter4\framework\system\Database\BaseConnection.php(741): CodeIgniter\Database\MySQLi\Connection->execute('SELECT * FROM t...')
#2 C:\xampp\htdocs\crudCode\vendor\codeigniter4\framework\system\Database\BaseConnection.php(669): CodeIgniter\Database\BaseConnection->simpleQuery('SELECT * FROM t...')
#3 C:\xampp\htdocs\crudCode\app\Models\CrudModel.php(7): CodeIgniter\Database\BaseConnection->query('SELECT * FROM t...')
#4 C:\xampp\htdocs\crudCode\app\Controllers\Crud.php(10): App\Models\CrudModel->listarNombres()
#5 C:\xampp\htdocs\crudCode\vendor\codeigniter4\framework\system\CodeIgniter.php(918): App\Controllers\Crud->index()
#6 C:\xampp\htdocs\crudCode\vendor\codeigniter4\framework\system\CodeIgniter.php(404): CodeIgniter\CodeIgniter->runController(Object(App\Controllers\Crud))
#7 C:\xampp\htdocs\crudCode\vendor\codeigniter4\framework\system\CodeIgniter.php(312): CodeIgniter\CodeIgniter->handleRequest(NULL, Object(Config\Cache), false)
#8 C:\xampp\htdocs\crudCode\public\index.php(45): CodeIgniter\CodeIgniter->run()
#9 {main}
CRITICAL - 2020-11-27 00:55:05 --> Table 'crudcode.t_personas' doesn't exist
#0 C:\xampp\htdocs\crudCode\vendor\codeigniter4\framework\system\Database\MySQLi\Connection.php(331): mysqli->query('SELECT * FROM t...')
#1 C:\xampp\htdocs\crudCode\vendor\codeigniter4\framework\system\Database\BaseConnection.php(741): CodeIgniter\Database\MySQLi\Connection->execute('SELECT * FROM t...')
#2 C:\xampp\htdocs\crudCode\vendor\codeigniter4\framework\system\Database\BaseConnection.php(669): CodeIgniter\Database\BaseConnection->simpleQuery('SELECT * FROM t...')
#3 C:\xampp\htdocs\crudCode\app\Models\CrudModel.php(7): CodeIgniter\Database\BaseConnection->query('SELECT * FROM t...')
#4 C:\xampp\htdocs\crudCode\app\Controllers\Crud.php(10): App\Models\CrudModel->listarNombres()
#5 C:\xampp\htdocs\crudCode\vendor\codeigniter4\framework\system\CodeIgniter.php(918): App\Controllers\Crud->index()
#6 C:\xampp\htdocs\crudCode\vendor\codeigniter4\framework\system\CodeIgniter.php(404): CodeIgniter\CodeIgniter->runController(Object(App\Controllers\Crud))
#7 C:\xampp\htdocs\crudCode\vendor\codeigniter4\framework\system\CodeIgniter.php(312): CodeIgniter\CodeIgniter->handleRequest(NULL, Object(Config\Cache), false)
#8 C:\xampp\htdocs\crudCode\public\index.php(45): CodeIgniter\CodeIgniter->run()
#9 {main}
CRITICAL - 2020-11-27 00:55:06 --> Table 'crudcode.t_personas' doesn't exist
#0 C:\xampp\htdocs\crudCode\vendor\codeigniter4\framework\system\Database\MySQLi\Connection.php(331): mysqli->query('SELECT * FROM t...')
#1 C:\xampp\htdocs\crudCode\vendor\codeigniter4\framework\system\Database\BaseConnection.php(741): CodeIgniter\Database\MySQLi\Connection->execute('SELECT * FROM t...')
#2 C:\xampp\htdocs\crudCode\vendor\codeigniter4\framework\system\Database\BaseConnection.php(669): CodeIgniter\Database\BaseConnection->simpleQuery('SELECT * FROM t...')
#3 C:\xampp\htdocs\crudCode\app\Models\CrudModel.php(7): CodeIgniter\Database\BaseConnection->query('SELECT * FROM t...')
#4 C:\xampp\htdocs\crudCode\app\Controllers\Crud.php(10): App\Models\CrudModel->listarNombres()
#5 C:\xampp\htdocs\crudCode\vendor\codeigniter4\framework\system\CodeIgniter.php(918): App\Controllers\Crud->index()
#6 C:\xampp\htdocs\crudCode\vendor\codeigniter4\framework\system\CodeIgniter.php(404): CodeIgniter\CodeIgniter->runController(Object(App\Controllers\Crud))
#7 C:\xampp\htdocs\crudCode\vendor\codeigniter4\framework\system\CodeIgniter.php(312): CodeIgniter\CodeIgniter->handleRequest(NULL, Object(Config\Cache), false)
#8 C:\xampp\htdocs\crudCode\public\index.php(45): CodeIgniter\CodeIgniter->run()
#9 {main}
CRITICAL - 2020-11-27 00:55:07 --> Table 'crudcode.t_personas' doesn't exist
#0 C:\xampp\htdocs\crudCode\vendor\codeigniter4\framework\system\Database\MySQLi\Connection.php(331): mysqli->query('SELECT * FROM t...')
#1 C:\xampp\htdocs\crudCode\vendor\codeigniter4\framework\system\Database\BaseConnection.php(741): CodeIgniter\Database\MySQLi\Connection->execute('SELECT * FROM t...')
#2 C:\xampp\htdocs\crudCode\vendor\codeigniter4\framework\system\Database\BaseConnection.php(669): CodeIgniter\Database\BaseConnection->simpleQuery('SELECT * FROM t...')
#3 C:\xampp\htdocs\crudCode\app\Models\CrudModel.php(7): CodeIgniter\Database\BaseConnection->query('SELECT * FROM t...')
#4 C:\xampp\htdocs\crudCode\app\Controllers\Crud.php(10): App\Models\CrudModel->listarNombres()
#5 C:\xampp\htdocs\crudCode\vendor\codeigniter4\framework\system\CodeIgniter.php(918): App\Controllers\Crud->index()
#6 C:\xampp\htdocs\crudCode\vendor\codeigniter4\framework\system\CodeIgniter.php(404): CodeIgniter\CodeIgniter->runController(Object(App\Controllers\Crud))
#7 C:\xampp\htdocs\crudCode\vendor\codeigniter4\framework\system\CodeIgniter.php(312): CodeIgniter\CodeIgniter->handleRequest(NULL, Object(Config\Cache), false)
#8 C:\xampp\htdocs\crudCode\public\index.php(45): CodeIgniter\CodeIgniter->run()
#9 {main}
CRITICAL - 2020-11-27 12:01:25 --> Unable to connect to the database.
#0 C:\xampp\htdocs\crudCode\vendor\codeigniter4\framework\system\Database\BaseConnection.php(646): CodeIgniter\Database\BaseConnection->initialize()
#1 C:\xampp\htdocs\crudCode\vendor\codeigniter4\framework\system\Database\BaseConnection.php(1548): CodeIgniter\Database\BaseConnection->query('SHOW TABLES FRO...')
#2 C:\xampp\htdocs\crudCode\vendor\codeigniter4\framework\system\Database\BaseConnection.php(1591): CodeIgniter\Database\BaseConnection->listTables()
#3 C:\xampp\htdocs\crudCode\vendor\codeigniter4\framework\system\Database\MigrationRunner.php(945): CodeIgniter\Database\BaseConnection->tableExists('migrations')
#4 C:\xampp\htdocs\crudCode\vendor\codeigniter4\framework\system\Database\MigrationRunner.php(865): CodeIgniter\Database\MigrationRunner->ensureTable()
#5 C:\xampp\htdocs\crudCode\vendor\codeigniter4\framework\system\Commands\Database\MigrateRollback.php(130): CodeIgniter\Database\MigrationRunner->getLastBatch()
#6 C:\xampp\htdocs\crudCode\vendor\codeigniter4\framework\system\CLI\Commands.php(100): CodeIgniter\Commands\Database\MigrateRollback->run(Array)
#7 C:\xampp\htdocs\crudCode\vendor\codeigniter4\framework\system\CLI\CommandRunner.php(107): CodeIgniter\CLI\Commands->run('migrate:rollbac...', Array)
#8 C:\xampp\htdocs\crudCode\vendor\codeigniter4\framework\system\CLI\CommandRunner.php(85): CodeIgniter\CLI\CommandRunner->index(Array)
#9 C:\xampp\htdocs\crudCode\vendor\codeigniter4\framework\system\CodeIgniter.php(914): CodeIgniter\CLI\CommandRunner->_remap('index', 'migrate:rollbac...')
#10 C:\xampp\htdocs\crudCode\vendor\codeigniter4\framework\system\CodeIgniter.php(404): CodeIgniter\CodeIgniter->runController(Object(CodeIgniter\CLI\CommandRunner))
#11 C:\xampp\htdocs\crudCode\vendor\codeigniter4\framework\system\CodeIgniter.php(312): CodeIgniter\CodeIgniter->handleRequest(NULL, Object(Config\Cache), false)
#12 C:\xampp\htdocs\crudCode\vendor\codeigniter4\framework\system\CLI\Console.php(86): CodeIgniter\CodeIgniter->run()
#13 C:\xampp\htdocs\crudCode\spark(57): CodeIgniter\CLI\Console->run()
#14 {main}
CRITICAL - 2020-11-27 12:38:37 --> Table 'crudcode.t_personas' doesn't exist
#0 C:\xampp\htdocs\crudCode\vendor\codeigniter4\framework\system\Database\MySQLi\Connection.php(331): mysqli->query('SELECT * FROM t...')
#1 C:\xampp\htdocs\crudCode\vendor\codeigniter4\framework\system\Database\BaseConnection.php(741): CodeIgniter\Database\MySQLi\Connection->execute('SELECT * FROM t...')
#2 C:\xampp\htdocs\crudCode\vendor\codeigniter4\framework\system\Database\BaseConnection.php(669): CodeIgniter\Database\BaseConnection->simpleQuery('SELECT * FROM t...')
#3 C:\xampp\htdocs\crudCode\app\Models\CrudModel.php(7): CodeIgniter\Database\BaseConnection->query('SELECT * FROM t...')
#4 C:\xampp\htdocs\crudCode\app\Controllers\Crud.php(10): App\Models\CrudModel->listarNombres()
#5 C:\xampp\htdocs\crudCode\vendor\codeigniter4\framework\system\CodeIgniter.php(918): App\Controllers\Crud->index()
#6 C:\xampp\htdocs\crudCode\vendor\codeigniter4\framework\system\CodeIgniter.php(404): CodeIgniter\CodeIgniter->runController(Object(App\Controllers\Crud))
#7 C:\xampp\htdocs\crudCode\vendor\codeigniter4\framework\system\CodeIgniter.php(312): CodeIgniter\CodeIgniter->handleRequest(NULL, Object(Config\Cache), false)
#8 C:\xampp\htdocs\crudCode\public\index.php(45): CodeIgniter\CodeIgniter->run()
#9 {main}
CRITICAL - 2020-11-27 12:38:45 --> Table 'crudcode.t_personas' doesn't exist
#0 C:\xampp\htdocs\crudCode\vendor\codeigniter4\framework\system\Database\MySQLi\Connection.php(331): mysqli->query('SELECT * FROM t...')
#1 C:\xampp\htdocs\crudCode\vendor\codeigniter4\framework\system\Database\BaseConnection.php(741): CodeIgniter\Database\MySQLi\Connection->execute('SELECT * FROM t...')
#2 C:\xampp\htdocs\crudCode\vendor\codeigniter4\framework\system\Database\BaseConnection.php(669): CodeIgniter\Database\BaseConnection->simpleQuery('SELECT * FROM t...')
#3 C:\xampp\htdocs\crudCode\app\Models\CrudModel.php(7): CodeIgniter\Database\BaseConnection->query('SELECT * FROM t...')
#4 C:\xampp\htdocs\crudCode\app\Controllers\Crud.php(10): App\Models\CrudModel->listarNombres()
#5 C:\xampp\htdocs\crudCode\vendor\codeigniter4\framework\system\CodeIgniter.php(918): App\Controllers\Crud->index()
#6 C:\xampp\htdocs\crudCode\vendor\codeigniter4\framework\system\CodeIgniter.php(404): CodeIgniter\CodeIgniter->runController(Object(App\Controllers\Crud))
#7 C:\xampp\htdocs\crudCode\vendor\codeigniter4\framework\system\CodeIgniter.php(312): CodeIgniter\CodeIgniter->handleRequest(NULL, Object(Config\Cache), false)
#8 C:\xampp\htdocs\crudCode\public\index.php(45): CodeIgniter\CodeIgniter->run()
#9 {main}
CRITICAL - 2020-11-27 17:52:25 --> syntax error, unexpected '"mensaje"' (T_CONSTANT_ENCAPSED_STRING), expecting ']'
#0 C:\xampp\htdocs\crudCode\vendor\codeigniter4\framework\system\Autoloader\Autoloader.php(296): CodeIgniter\Autoloader\Autoloader->requireFile('C:\\xampp\\htdocs...')
#1 C:\xampp\htdocs\crudCode\vendor\codeigniter4\framework\system\Autoloader\Autoloader.php(258): CodeIgniter\Autoloader\Autoloader->loadInNamespace('App\\Controllers...')
#2 [internal function]: CodeIgniter\Autoloader\Autoloader->loadClass('App\\Controllers...')
#3 [internal function]: spl_autoload_call('App\\Controllers...')
#4 C:\xampp\htdocs\crudCode\vendor\codeigniter4\framework\system\CodeIgniter.php(869): class_exists('\\App\\Controller...', true)
#5 C:\xampp\htdocs\crudCode\vendor\codeigniter4\framework\system\CodeIgniter.php(394): CodeIgniter\CodeIgniter->startController()
#6 C:\xampp\htdocs\crudCode\vendor\codeigniter4\framework\system\CodeIgniter.php(312): CodeIgniter\CodeIgniter->handleRequest(NULL, Object(Config\Cache), false)
#7 C:\xampp\htdocs\crudCode\public\index.php(45): CodeIgniter\CodeIgniter->run()
#8 {main}
CRITICAL - 2020-11-27 17:52:35 --> syntax error, unexpected '"mensaje"' (T_CONSTANT_ENCAPSED_STRING), expecting ']'
#0 C:\xampp\htdocs\crudCode\vendor\codeigniter4\framework\system\Autoloader\Autoloader.php(296): CodeIgniter\Autoloader\Autoloader->requireFile('C:\\xampp\\htdocs...')
#1 C:\xampp\htdocs\crudCode\vendor\codeigniter4\framework\system\Autoloader\Autoloader.php(258): CodeIgniter\Autoloader\Autoloader->loadInNamespace('App\\Controllers...')
#2 [internal function]: CodeIgniter\Autoloader\Autoloader->loadClass('App\\Controllers...')
#3 [internal function]: spl_autoload_call('App\\Controllers...')
#4 C:\xampp\htdocs\crudCode\vendor\codeigniter4\framework\system\CodeIgniter.php(869): class_exists('\\App\\Controller...', true)
#5 C:\xampp\htdocs\crudCode\vendor\codeigniter4\framework\system\CodeIgniter.php(394): CodeIgniter\CodeIgniter->startController()
#6 C:\xampp\htdocs\crudCode\vendor\codeigniter4\framework\system\CodeIgniter.php(312): CodeIgniter\CodeIgniter->handleRequest(NULL, Object(Config\Cache), false)
#7 C:\xampp\htdocs\crudCode\public\index.php(45): CodeIgniter\CodeIgniter->run()
#8 {main}
CRITICAL - 2020-11-27 17:58:12 --> Call to undefined method CodeIgniter\HTTP\RedirectResponse::whith()
#0 C:\xampp\htdocs\crudCode\vendor\codeigniter4\framework\system\CodeIgniter.php(918): App\Controllers\Crud->crear()
#1 C:\xampp\htdocs\crudCode\vendor\codeigniter4\framework\system\CodeIgniter.php(404): CodeIgniter\CodeIgniter->runController(Object(App\Controllers\Crud))
#2 C:\xampp\htdocs\crudCode\vendor\codeigniter4\framework\system\CodeIgniter.php(312): CodeIgniter\CodeIgniter->handleRequest(NULL, Object(Config\Cache), false)
#3 C:\xampp\htdocs\crudCode\public\index.php(45): CodeIgniter\CodeIgniter->run()
#4 {main}
