CRITICAL - 2020-11-29 03:35:33 --> Class 'CodeIngniter\Model' not found
#0 C:\xampp\htdocs\crudCode\vendor\codeigniter4\framework\system\Autoloader\Autoloader.php(365): require_once()
#1 C:\xampp\htdocs\crudCode\vendor\codeigniter4\framework\system\Autoloader\Autoloader.php(296): CodeIgniter\Autoloader\Autoloader->requireFile('C:\\xampp\\htdocs...')
#2 C:\xampp\htdocs\crudCode\vendor\codeigniter4\framework\system\Autoloader\Autoloader.php(258): CodeIgniter\Autoloader\Autoloader->loadInNamespace('App\\Models\\Crud...')
#3 [internal function]: CodeIgniter\Autoloader\Autoloader->loadClass('App\\Models\\Crud...')
#4 C:\xampp\htdocs\crudCode\app\Controllers\Crud.php(10): spl_autoload_call('App\\Models\\Crud...')
#5 C:\xampp\htdocs\crudCode\vendor\codeigniter4\framework\system\CodeIgniter.php(918): App\Controllers\Crud->index()
#6 C:\xampp\htdocs\crudCode\vendor\codeigniter4\framework\system\CodeIgniter.php(404): CodeIgniter\CodeIgniter->runController(Object(App\Controllers\Crud))
#7 C:\xampp\htdocs\crudCode\vendor\codeigniter4\framework\system\CodeIgniter.php(312): CodeIgniter\CodeIgniter->handleRequest(NULL, Object(Config\Cache), false)
#8 C:\xampp\htdocs\crudCode\public\index.php(45): CodeIgniter\CodeIgniter->run()
#9 {main}
CRITICAL - 2020-11-29 03:35:36 --> Class 'CodeIngniter\Model' not found
#0 C:\xampp\htdocs\crudCode\vendor\codeigniter4\framework\system\Autoloader\Autoloader.php(365): require_once()
#1 C:\xampp\htdocs\crudCode\vendor\codeigniter4\framework\system\Autoloader\Autoloader.php(296): CodeIgniter\Autoloader\Autoloader->requireFile('C:\\xampp\\htdocs...')
#2 C:\xampp\htdocs\crudCode\vendor\codeigniter4\framework\system\Autoloader\Autoloader.php(258): CodeIgniter\Autoloader\Autoloader->loadInNamespace('App\\Models\\Crud...')
#3 [internal function]: CodeIgniter\Autoloader\Autoloader->loadClass('App\\Models\\Crud...')
#4 C:\xampp\htdocs\crudCode\app\Controllers\Crud.php(10): spl_autoload_call('App\\Models\\Crud...')
#5 C:\xampp\htdocs\crudCode\vendor\codeigniter4\framework\system\CodeIgniter.php(918): App\Controllers\Crud->index()
#6 C:\xampp\htdocs\crudCode\vendor\codeigniter4\framework\system\CodeIgniter.php(404): CodeIgniter\CodeIgniter->runController(Object(App\Controllers\Crud))
#7 C:\xampp\htdocs\crudCode\vendor\codeigniter4\framework\system\CodeIgniter.php(312): CodeIgniter\CodeIgniter->handleRequest(NULL, Object(Config\Cache), false)
#8 C:\xampp\htdocs\crudCode\public\index.php(45): CodeIgniter\CodeIgniter->run()
#9 {main}
CRITICAL - 2020-11-29 03:36:17 --> Class 'CodeIngniter\Model' not found
#0 C:\xampp\htdocs\crudCode\vendor\codeigniter4\framework\system\Autoloader\Autoloader.php(365): require_once()
#1 C:\xampp\htdocs\crudCode\vendor\codeigniter4\framework\system\Autoloader\Autoloader.php(296): CodeIgniter\Autoloader\Autoloader->requireFile('C:\\xampp\\htdocs...')
#2 C:\xampp\htdocs\crudCode\vendor\codeigniter4\framework\system\Autoloader\Autoloader.php(258): CodeIgniter\Autoloader\Autoloader->loadInNamespace('App\\Models\\Crud...')
#3 [internal function]: CodeIgniter\Autoloader\Autoloader->loadClass('App\\Models\\Crud...')
#4 C:\xampp\htdocs\crudCode\app\Controllers\Crud.php(10): spl_autoload_call('App\\Models\\Crud...')
#5 C:\xampp\htdocs\crudCode\vendor\codeigniter4\framework\system\CodeIgniter.php(918): App\Controllers\Crud->index()
#6 C:\xampp\htdocs\crudCode\vendor\codeigniter4\framework\system\CodeIgniter.php(404): CodeIgniter\CodeIgniter->runController(Object(App\Controllers\Crud))
#7 C:\xampp\htdocs\crudCode\vendor\codeigniter4\framework\system\CodeIgniter.php(312): CodeIgniter\CodeIgniter->handleRequest(NULL, Object(Config\Cache), false)
#8 C:\xampp\htdocs\crudCode\public\index.php(45): CodeIgniter\CodeIgniter->run()
#9 {main}
CRITICAL - 2020-11-29 03:36:28 --> Class 'CodeIngniter\Model' not found
#0 C:\xampp\htdocs\crudCode\vendor\codeigniter4\framework\system\Autoloader\Autoloader.php(365): require_once()
#1 C:\xampp\htdocs\crudCode\vendor\codeigniter4\framework\system\Autoloader\Autoloader.php(296): CodeIgniter\Autoloader\Autoloader->requireFile('C:\\xampp\\htdocs...')
#2 C:\xampp\htdocs\crudCode\vendor\codeigniter4\framework\system\Autoloader\Autoloader.php(258): CodeIgniter\Autoloader\Autoloader->loadInNamespace('App\\Models\\Crud...')
#3 [internal function]: CodeIgniter\Autoloader\Autoloader->loadClass('App\\Models\\Crud...')
#4 C:\xampp\htdocs\crudCode\app\Controllers\Crud.php(10): spl_autoload_call('App\\Models\\Crud...')
#5 C:\xampp\htdocs\crudCode\vendor\codeigniter4\framework\system\CodeIgniter.php(918): App\Controllers\Crud->index()
#6 C:\xampp\htdocs\crudCode\vendor\codeigniter4\framework\system\CodeIgniter.php(404): CodeIgniter\CodeIgniter->runController(Object(App\Controllers\Crud))
#7 C:\xampp\htdocs\crudCode\vendor\codeigniter4\framework\system\CodeIgniter.php(312): CodeIgniter\CodeIgniter->handleRequest(NULL, Object(Config\Cache), false)
#8 C:\xampp\htdocs\crudCode\public\index.php(45): CodeIgniter\CodeIgniter->run()
#9 {main}
CRITICAL - 2020-11-29 03:37:19 --> Class 'CodeIngniter\Model' not found
#0 C:\xampp\htdocs\crudCode\vendor\codeigniter4\framework\system\Autoloader\Autoloader.php(365): require_once()
#1 C:\xampp\htdocs\crudCode\vendor\codeigniter4\framework\system\Autoloader\Autoloader.php(296): CodeIgniter\Autoloader\Autoloader->requireFile('C:\\xampp\\htdocs...')
#2 C:\xampp\htdocs\crudCode\vendor\codeigniter4\framework\system\Autoloader\Autoloader.php(258): CodeIgniter\Autoloader\Autoloader->loadInNamespace('App\\Models\\Crud...')
#3 [internal function]: CodeIgniter\Autoloader\Autoloader->loadClass('App\\Models\\Crud...')
#4 C:\xampp\htdocs\crudCode\app\Controllers\Crud.php(10): spl_autoload_call('App\\Models\\Crud...')
#5 C:\xampp\htdocs\crudCode\vendor\codeigniter4\framework\system\CodeIgniter.php(918): App\Controllers\Crud->index()
#6 C:\xampp\htdocs\crudCode\vendor\codeigniter4\framework\system\CodeIgniter.php(404): CodeIgniter\CodeIgniter->runController(Object(App\Controllers\Crud))
#7 C:\xampp\htdocs\crudCode\vendor\codeigniter4\framework\system\CodeIgniter.php(312): CodeIgniter\CodeIgniter->handleRequest(NULL, Object(Config\Cache), false)
#8 C:\xampp\htdocs\crudCode\public\index.php(45): CodeIgniter\CodeIgniter->run()
#9 {main}
CRITICAL - 2020-11-29 03:42:33 --> Class 'CodeIngniter\Model' not found
#0 C:\xampp\htdocs\crudCode\vendor\codeigniter4\framework\system\Autoloader\Autoloader.php(365): require_once()
#1 C:\xampp\htdocs\crudCode\vendor\codeigniter4\framework\system\Autoloader\Autoloader.php(296): CodeIgniter\Autoloader\Autoloader->requireFile('C:\\xampp\\htdocs...')
#2 C:\xampp\htdocs\crudCode\vendor\codeigniter4\framework\system\Autoloader\Autoloader.php(258): CodeIgniter\Autoloader\Autoloader->loadInNamespace('App\\Models\\Crud...')
#3 [internal function]: CodeIgniter\Autoloader\Autoloader->loadClass('App\\Models\\Crud...')
#4 C:\xampp\htdocs\crudCode\app\Controllers\Crud.php(10): spl_autoload_call('App\\Models\\Crud...')
#5 C:\xampp\htdocs\crudCode\vendor\codeigniter4\framework\system\CodeIgniter.php(918): App\Controllers\Crud->index()
#6 C:\xampp\htdocs\crudCode\vendor\codeigniter4\framework\system\CodeIgniter.php(404): CodeIgniter\CodeIgniter->runController(Object(App\Controllers\Crud))
#7 C:\xampp\htdocs\crudCode\vendor\codeigniter4\framework\system\CodeIgniter.php(312): CodeIgniter\CodeIgniter->handleRequest(NULL, Object(Config\Cache), false)
#8 C:\xampp\htdocs\crudCode\public\index.php(45): CodeIgniter\CodeIgniter->run()
#9 {main}
CRITICAL - 2020-11-29 03:43:57 --> Class 'CodeIngniter\Model' not found
#0 C:\xampp\htdocs\crudCode\vendor\codeigniter4\framework\system\Autoloader\Autoloader.php(365): require_once()
#1 C:\xampp\htdocs\crudCode\vendor\codeigniter4\framework\system\Autoloader\Autoloader.php(296): CodeIgniter\Autoloader\Autoloader->requireFile('C:\\xampp\\htdocs...')
#2 C:\xampp\htdocs\crudCode\vendor\codeigniter4\framework\system\Autoloader\Autoloader.php(258): CodeIgniter\Autoloader\Autoloader->loadInNamespace('App\\Models\\Crud...')
#3 [internal function]: CodeIgniter\Autoloader\Autoloader->loadClass('App\\Models\\Crud...')
#4 C:\xampp\htdocs\crudCode\app\Controllers\Crud.php(10): spl_autoload_call('App\\Models\\Crud...')
#5 C:\xampp\htdocs\crudCode\vendor\codeigniter4\framework\system\CodeIgniter.php(918): App\Controllers\Crud->index()
#6 C:\xampp\htdocs\crudCode\vendor\codeigniter4\framework\system\CodeIgniter.php(404): CodeIgniter\CodeIgniter->runController(Object(App\Controllers\Crud))
#7 C:\xampp\htdocs\crudCode\vendor\codeigniter4\framework\system\CodeIgniter.php(312): CodeIgniter\CodeIgniter->handleRequest(NULL, Object(Config\Cache), false)
#8 C:\xampp\htdocs\crudCode\public\index.php(45): CodeIgniter\CodeIgniter->run()
#9 {main}
CRITICAL - 2020-11-29 03:59:18 --> Class 'CodeIngniter\Model' not found
#0 C:\xampp\htdocs\crudCode\vendor\codeigniter4\framework\system\Autoloader\Autoloader.php(365): require_once()
#1 C:\xampp\htdocs\crudCode\vendor\codeigniter4\framework\system\Autoloader\Autoloader.php(296): CodeIgniter\Autoloader\Autoloader->requireFile('C:\\xampp\\htdocs...')
#2 C:\xampp\htdocs\crudCode\vendor\codeigniter4\framework\system\Autoloader\Autoloader.php(258): CodeIgniter\Autoloader\Autoloader->loadInNamespace('App\\Models\\Crud...')
#3 [internal function]: CodeIgniter\Autoloader\Autoloader->loadClass('App\\Models\\Crud...')
#4 C:\xampp\htdocs\crudCode\app\Controllers\Crud.php(10): spl_autoload_call('App\\Models\\Crud...')
#5 C:\xampp\htdocs\crudCode\vendor\codeigniter4\framework\system\CodeIgniter.php(918): App\Controllers\Crud->index()
#6 C:\xampp\htdocs\crudCode\vendor\codeigniter4\framework\system\CodeIgniter.php(404): CodeIgniter\CodeIgniter->runController(Object(App\Controllers\Crud))
#7 C:\xampp\htdocs\crudCode\vendor\codeigniter4\framework\system\CodeIgniter.php(312): CodeIgniter\CodeIgniter->handleRequest(NULL, Object(Config\Cache), false)
#8 C:\xampp\htdocs\crudCode\public\index.php(45): CodeIgniter\CodeIgniter->run()
#9 {main}
CRITICAL - 2020-11-29 12:13:45 --> Class 'CodeIngniter\Model' not found
#0 C:\xampp\htdocs\crudCode\vendor\codeigniter4\framework\system\Autoloader\Autoloader.php(365): require_once()
#1 C:\xampp\htdocs\crudCode\vendor\codeigniter4\framework\system\Autoloader\Autoloader.php(296): CodeIgniter\Autoloader\Autoloader->requireFile('C:\\xampp\\htdocs...')
#2 C:\xampp\htdocs\crudCode\vendor\codeigniter4\framework\system\Autoloader\Autoloader.php(258): CodeIgniter\Autoloader\Autoloader->loadInNamespace('App\\Models\\Crud...')
#3 [internal function]: CodeIgniter\Autoloader\Autoloader->loadClass('App\\Models\\Crud...')
#4 C:\xampp\htdocs\crudCode\app\Controllers\Crud.php(10): spl_autoload_call('App\\Models\\Crud...')
#5 C:\xampp\htdocs\crudCode\vendor\codeigniter4\framework\system\CodeIgniter.php(918): App\Controllers\Crud->index()
#6 C:\xampp\htdocs\crudCode\vendor\codeigniter4\framework\system\CodeIgniter.php(404): CodeIgniter\CodeIgniter->runController(Object(App\Controllers\Crud))
#7 C:\xampp\htdocs\crudCode\vendor\codeigniter4\framework\system\CodeIgniter.php(312): CodeIgniter\CodeIgniter->handleRequest(NULL, Object(Config\Cache), false)
#8 C:\xampp\htdocs\crudCode\public\index.php(45): CodeIgniter\CodeIgniter->run()
#9 {main}
CRITICAL - 2020-11-29 12:36:12 --> Class 'CodeIngniter\Model' not found
#0 C:\xampp\htdocs\crudCode\vendor\codeigniter4\framework\system\Autoloader\Autoloader.php(365): require_once()
#1 C:\xampp\htdocs\crudCode\vendor\codeigniter4\framework\system\Autoloader\Autoloader.php(296): CodeIgniter\Autoloader\Autoloader->requireFile('C:\\xampp\\htdocs...')
#2 C:\xampp\htdocs\crudCode\vendor\codeigniter4\framework\system\Autoloader\Autoloader.php(258): CodeIgniter\Autoloader\Autoloader->loadInNamespace('App\\Models\\Crud...')
#3 [internal function]: CodeIgniter\Autoloader\Autoloader->loadClass('App\\Models\\Crud...')
#4 C:\xampp\htdocs\crudCode\app\Controllers\Crud.php(10): spl_autoload_call('App\\Models\\Crud...')
#5 C:\xampp\htdocs\crudCode\vendor\codeigniter4\framework\system\CodeIgniter.php(918): App\Controllers\Crud->index()
#6 C:\xampp\htdocs\crudCode\vendor\codeigniter4\framework\system\CodeIgniter.php(404): CodeIgniter\CodeIgniter->runController(Object(App\Controllers\Crud))
#7 C:\xampp\htdocs\crudCode\vendor\codeigniter4\framework\system\CodeIgniter.php(312): CodeIgniter\CodeIgniter->handleRequest(NULL, Object(Config\Cache), false)
#8 C:\xampp\htdocs\crudCode\public\index.php(45): CodeIgniter\CodeIgniter->run()
#9 {main}
CRITICAL - 2020-11-29 12:36:14 --> Class 'CodeIngniter\Model' not found
#0 C:\xampp\htdocs\crudCode\vendor\codeigniter4\framework\system\Autoloader\Autoloader.php(365): require_once()
#1 C:\xampp\htdocs\crudCode\vendor\codeigniter4\framework\system\Autoloader\Autoloader.php(296): CodeIgniter\Autoloader\Autoloader->requireFile('C:\\xampp\\htdocs...')
#2 C:\xampp\htdocs\crudCode\vendor\codeigniter4\framework\system\Autoloader\Autoloader.php(258): CodeIgniter\Autoloader\Autoloader->loadInNamespace('App\\Models\\Crud...')
#3 [internal function]: CodeIgniter\Autoloader\Autoloader->loadClass('App\\Models\\Crud...')
#4 C:\xampp\htdocs\crudCode\app\Controllers\Crud.php(10): spl_autoload_call('App\\Models\\Crud...')
#5 C:\xampp\htdocs\crudCode\vendor\codeigniter4\framework\system\CodeIgniter.php(918): App\Controllers\Crud->index()
#6 C:\xampp\htdocs\crudCode\vendor\codeigniter4\framework\system\CodeIgniter.php(404): CodeIgniter\CodeIgniter->runController(Object(App\Controllers\Crud))
#7 C:\xampp\htdocs\crudCode\vendor\codeigniter4\framework\system\CodeIgniter.php(312): CodeIgniter\CodeIgniter->handleRequest(NULL, Object(Config\Cache), false)
#8 C:\xampp\htdocs\crudCode\public\index.php(45): CodeIgniter\CodeIgniter->run()
#9 {main}
CRITICAL - 2020-11-29 12:36:16 --> Class 'CodeIngniter\Model' not found
#0 C:\xampp\htdocs\crudCode\vendor\codeigniter4\framework\system\Autoloader\Autoloader.php(365): require_once()
#1 C:\xampp\htdocs\crudCode\vendor\codeigniter4\framework\system\Autoloader\Autoloader.php(296): CodeIgniter\Autoloader\Autoloader->requireFile('C:\\xampp\\htdocs...')
#2 C:\xampp\htdocs\crudCode\vendor\codeigniter4\framework\system\Autoloader\Autoloader.php(258): CodeIgniter\Autoloader\Autoloader->loadInNamespace('App\\Models\\Crud...')
#3 [internal function]: CodeIgniter\Autoloader\Autoloader->loadClass('App\\Models\\Crud...')
#4 C:\xampp\htdocs\crudCode\app\Controllers\Crud.php(10): spl_autoload_call('App\\Models\\Crud...')
#5 C:\xampp\htdocs\crudCode\vendor\codeigniter4\framework\system\CodeIgniter.php(918): App\Controllers\Crud->index()
#6 C:\xampp\htdocs\crudCode\vendor\codeigniter4\framework\system\CodeIgniter.php(404): CodeIgniter\CodeIgniter->runController(Object(App\Controllers\Crud))
#7 C:\xampp\htdocs\crudCode\vendor\codeigniter4\framework\system\CodeIgniter.php(312): CodeIgniter\CodeIgniter->handleRequest(NULL, Object(Config\Cache), false)
#8 C:\xampp\htdocs\crudCode\public\index.php(45): CodeIgniter\CodeIgniter->run()
#9 {main}
CRITICAL - 2020-11-29 12:36:17 --> Class 'CodeIngniter\Model' not found
#0 C:\xampp\htdocs\crudCode\vendor\codeigniter4\framework\system\Autoloader\Autoloader.php(365): require_once()
#1 C:\xampp\htdocs\crudCode\vendor\codeigniter4\framework\system\Autoloader\Autoloader.php(296): CodeIgniter\Autoloader\Autoloader->requireFile('C:\\xampp\\htdocs...')
#2 C:\xampp\htdocs\crudCode\vendor\codeigniter4\framework\system\Autoloader\Autoloader.php(258): CodeIgniter\Autoloader\Autoloader->loadInNamespace('App\\Models\\Crud...')
#3 [internal function]: CodeIgniter\Autoloader\Autoloader->loadClass('App\\Models\\Crud...')
#4 C:\xampp\htdocs\crudCode\app\Controllers\Crud.php(10): spl_autoload_call('App\\Models\\Crud...')
#5 C:\xampp\htdocs\crudCode\vendor\codeigniter4\framework\system\CodeIgniter.php(918): App\Controllers\Crud->index()
#6 C:\xampp\htdocs\crudCode\vendor\codeigniter4\framework\system\CodeIgniter.php(404): CodeIgniter\CodeIgniter->runController(Object(App\Controllers\Crud))
#7 C:\xampp\htdocs\crudCode\vendor\codeigniter4\framework\system\CodeIgniter.php(312): CodeIgniter\CodeIgniter->handleRequest(NULL, Object(Config\Cache), false)
#8 C:\xampp\htdocs\crudCode\public\index.php(45): CodeIgniter\CodeIgniter->run()
#9 {main}
CRITICAL - 2020-11-29 12:38:16 --> Class 'CodeIngniter\Model' not found
#0 C:\xampp\htdocs\crudCode\vendor\codeigniter4\framework\system\Autoloader\Autoloader.php(365): require_once()
#1 C:\xampp\htdocs\crudCode\vendor\codeigniter4\framework\system\Autoloader\Autoloader.php(296): CodeIgniter\Autoloader\Autoloader->requireFile('C:\\xampp\\htdocs...')
#2 C:\xampp\htdocs\crudCode\vendor\codeigniter4\framework\system\Autoloader\Autoloader.php(258): CodeIgniter\Autoloader\Autoloader->loadInNamespace('App\\Models\\Crud...')
#3 [internal function]: CodeIgniter\Autoloader\Autoloader->loadClass('App\\Models\\Crud...')
#4 C:\xampp\htdocs\crudCode\app\Controllers\Crud.php(10): spl_autoload_call('App\\Models\\Crud...')
#5 C:\xampp\htdocs\crudCode\vendor\codeigniter4\framework\system\CodeIgniter.php(918): App\Controllers\Crud->index()
#6 C:\xampp\htdocs\crudCode\vendor\codeigniter4\framework\system\CodeIgniter.php(404): CodeIgniter\CodeIgniter->runController(Object(App\Controllers\Crud))
#7 C:\xampp\htdocs\crudCode\vendor\codeigniter4\framework\system\CodeIgniter.php(312): CodeIgniter\CodeIgniter->handleRequest(NULL, Object(Config\Cache), false)
#8 C:\xampp\htdocs\crudCode\public\index.php(45): CodeIgniter\CodeIgniter->run()
#9 {main}
CRITICAL - 2020-11-29 20:44:26 --> Class 'CodeIngniter\Model' not found
#0 C:\xampp\htdocs\crudCode\vendor\codeigniter4\framework\system\Autoloader\Autoloader.php(365): require_once()
#1 C:\xampp\htdocs\crudCode\vendor\codeigniter4\framework\system\Autoloader\Autoloader.php(296): CodeIgniter\Autoloader\Autoloader->requireFile('C:\\xampp\\htdocs...')
#2 C:\xampp\htdocs\crudCode\vendor\codeigniter4\framework\system\Autoloader\Autoloader.php(258): CodeIgniter\Autoloader\Autoloader->loadInNamespace('App\\Models\\Crud...')
#3 [internal function]: CodeIgniter\Autoloader\Autoloader->loadClass('App\\Models\\Crud...')
#4 C:\xampp\htdocs\crudCode\app\Controllers\Crud.php(10): spl_autoload_call('App\\Models\\Crud...')
#5 C:\xampp\htdocs\crudCode\vendor\codeigniter4\framework\system\CodeIgniter.php(918): App\Controllers\Crud->index()
#6 C:\xampp\htdocs\crudCode\vendor\codeigniter4\framework\system\CodeIgniter.php(404): CodeIgniter\CodeIgniter->runController(Object(App\Controllers\Crud))
#7 C:\xampp\htdocs\crudCode\vendor\codeigniter4\framework\system\CodeIgniter.php(312): CodeIgniter\CodeIgniter->handleRequest(NULL, Object(Config\Cache), false)
#8 C:\xampp\htdocs\crudCode\public\index.php(45): CodeIgniter\CodeIgniter->run()
#9 {main}
CRITICAL - 2020-11-29 20:44:40 --> Class 'CodeIngniter\Model' not found
#0 C:\xampp\htdocs\crudCode\vendor\codeigniter4\framework\system\Autoloader\Autoloader.php(365): require_once()
#1 C:\xampp\htdocs\crudCode\vendor\codeigniter4\framework\system\Autoloader\Autoloader.php(296): CodeIgniter\Autoloader\Autoloader->requireFile('C:\\xampp\\htdocs...')
#2 C:\xampp\htdocs\crudCode\vendor\codeigniter4\framework\system\Autoloader\Autoloader.php(258): CodeIgniter\Autoloader\Autoloader->loadInNamespace('App\\Models\\Crud...')
#3 [internal function]: CodeIgniter\Autoloader\Autoloader->loadClass('App\\Models\\Crud...')
#4 C:\xampp\htdocs\crudCode\app\Controllers\Crud.php(10): spl_autoload_call('App\\Models\\Crud...')
#5 C:\xampp\htdocs\crudCode\vendor\codeigniter4\framework\system\CodeIgniter.php(918): App\Controllers\Crud->index()
#6 C:\xampp\htdocs\crudCode\vendor\codeigniter4\framework\system\CodeIgniter.php(404): CodeIgniter\CodeIgniter->runController(Object(App\Controllers\Crud))
#7 C:\xampp\htdocs\crudCode\vendor\codeigniter4\framework\system\CodeIgniter.php(312): CodeIgniter\CodeIgniter->handleRequest(NULL, Object(Config\Cache), false)
#8 C:\xampp\htdocs\crudCode\public\index.php(45): CodeIgniter\CodeIgniter->run()
#9 {main}
CRITICAL - 2020-11-29 20:47:03 --> Class 'CodeIngniter\Model' not found
#0 C:\xampp\htdocs\crudCode\vendor\codeigniter4\framework\system\Autoloader\Autoloader.php(365): require_once()
#1 C:\xampp\htdocs\crudCode\vendor\codeigniter4\framework\system\Autoloader\Autoloader.php(296): CodeIgniter\Autoloader\Autoloader->requireFile('C:\\xampp\\htdocs...')
#2 C:\xampp\htdocs\crudCode\vendor\codeigniter4\framework\system\Autoloader\Autoloader.php(258): CodeIgniter\Autoloader\Autoloader->loadInNamespace('App\\Models\\Crud...')
#3 [internal function]: CodeIgniter\Autoloader\Autoloader->loadClass('App\\Models\\Crud...')
#4 C:\xampp\htdocs\crudCode\app\Controllers\Crud.php(10): spl_autoload_call('App\\Models\\Crud...')
#5 C:\xampp\htdocs\crudCode\vendor\codeigniter4\framework\system\CodeIgniter.php(918): App\Controllers\Crud->index()
#6 C:\xampp\htdocs\crudCode\vendor\codeigniter4\framework\system\CodeIgniter.php(404): CodeIgniter\CodeIgniter->runController(Object(App\Controllers\Crud))
#7 C:\xampp\htdocs\crudCode\vendor\codeigniter4\framework\system\CodeIgniter.php(312): CodeIgniter\CodeIgniter->handleRequest(NULL, Object(Config\Cache), false)
#8 C:\xampp\htdocs\crudCode\public\index.php(45): CodeIgniter\CodeIgniter->run()
#9 {main}
CRITICAL - 2020-11-29 20:47:08 --> Class 'CodeIngniter\Model' not found
#0 C:\xampp\htdocs\crudCode\vendor\codeigniter4\framework\system\Autoloader\Autoloader.php(365): require_once()
#1 C:\xampp\htdocs\crudCode\vendor\codeigniter4\framework\system\Autoloader\Autoloader.php(296): CodeIgniter\Autoloader\Autoloader->requireFile('C:\\xampp\\htdocs...')
#2 C:\xampp\htdocs\crudCode\vendor\codeigniter4\framework\system\Autoloader\Autoloader.php(258): CodeIgniter\Autoloader\Autoloader->loadInNamespace('App\\Models\\Crud...')
#3 [internal function]: CodeIgniter\Autoloader\Autoloader->loadClass('App\\Models\\Crud...')
#4 C:\xampp\htdocs\crudCode\app\Controllers\Crud.php(10): spl_autoload_call('App\\Models\\Crud...')
#5 C:\xampp\htdocs\crudCode\vendor\codeigniter4\framework\system\CodeIgniter.php(918): App\Controllers\Crud->index()
#6 C:\xampp\htdocs\crudCode\vendor\codeigniter4\framework\system\CodeIgniter.php(404): CodeIgniter\CodeIgniter->runController(Object(App\Controllers\Crud))
#7 C:\xampp\htdocs\crudCode\vendor\codeigniter4\framework\system\CodeIgniter.php(312): CodeIgniter\CodeIgniter->handleRequest(NULL, Object(Config\Cache), false)
#8 C:\xampp\htdocs\crudCode\public\index.php(45): CodeIgniter\CodeIgniter->run()
#9 {main}
CRITICAL - 2020-11-29 20:47:08 --> Class 'CodeIngniter\Model' not found
#0 C:\xampp\htdocs\crudCode\vendor\codeigniter4\framework\system\Autoloader\Autoloader.php(365): require_once()
#1 C:\xampp\htdocs\crudCode\vendor\codeigniter4\framework\system\Autoloader\Autoloader.php(296): CodeIgniter\Autoloader\Autoloader->requireFile('C:\\xampp\\htdocs...')
#2 C:\xampp\htdocs\crudCode\vendor\codeigniter4\framework\system\Autoloader\Autoloader.php(258): CodeIgniter\Autoloader\Autoloader->loadInNamespace('App\\Models\\Crud...')
#3 [internal function]: CodeIgniter\Autoloader\Autoloader->loadClass('App\\Models\\Crud...')
#4 C:\xampp\htdocs\crudCode\app\Controllers\Crud.php(10): spl_autoload_call('App\\Models\\Crud...')
#5 C:\xampp\htdocs\crudCode\vendor\codeigniter4\framework\system\CodeIgniter.php(918): App\Controllers\Crud->index()
#6 C:\xampp\htdocs\crudCode\vendor\codeigniter4\framework\system\CodeIgniter.php(404): CodeIgniter\CodeIgniter->runController(Object(App\Controllers\Crud))
#7 C:\xampp\htdocs\crudCode\vendor\codeigniter4\framework\system\CodeIgniter.php(312): CodeIgniter\CodeIgniter->handleRequest(NULL, Object(Config\Cache), false)
#8 C:\xampp\htdocs\crudCode\public\index.php(45): CodeIgniter\CodeIgniter->run()
#9 {main}
CRITICAL - 2020-11-29 20:47:45 --> Class 'CodeIngniter\Model' not found
#0 C:\xampp\htdocs\crudCode\vendor\codeigniter4\framework\system\Autoloader\Autoloader.php(365): require_once()
#1 C:\xampp\htdocs\crudCode\vendor\codeigniter4\framework\system\Autoloader\Autoloader.php(296): CodeIgniter\Autoloader\Autoloader->requireFile('C:\\xampp\\htdocs...')
#2 C:\xampp\htdocs\crudCode\vendor\codeigniter4\framework\system\Autoloader\Autoloader.php(258): CodeIgniter\Autoloader\Autoloader->loadInNamespace('App\\Models\\Crud...')
#3 [internal function]: CodeIgniter\Autoloader\Autoloader->loadClass('App\\Models\\Crud...')
#4 C:\xampp\htdocs\crudCode\app\Controllers\Crud.php(10): spl_autoload_call('App\\Models\\Crud...')
#5 C:\xampp\htdocs\crudCode\vendor\codeigniter4\framework\system\CodeIgniter.php(918): App\Controllers\Crud->index()
#6 C:\xampp\htdocs\crudCode\vendor\codeigniter4\framework\system\CodeIgniter.php(404): CodeIgniter\CodeIgniter->runController(Object(App\Controllers\Crud))
#7 C:\xampp\htdocs\crudCode\vendor\codeigniter4\framework\system\CodeIgniter.php(312): CodeIgniter\CodeIgniter->handleRequest(NULL, Object(Config\Cache), false)
#8 C:\xampp\htdocs\crudCode\public\index.php(45): CodeIgniter\CodeIgniter->run()
#9 {main}
CRITICAL - 2020-11-29 20:57:55 --> Class 'CodeIngniter\Model' not found
#0 C:\xampp\htdocs\crudCode\vendor\codeigniter4\framework\system\Autoloader\Autoloader.php(365): require_once()
#1 C:\xampp\htdocs\crudCode\vendor\codeigniter4\framework\system\Autoloader\Autoloader.php(296): CodeIgniter\Autoloader\Autoloader->requireFile('C:\\xampp\\htdocs...')
#2 C:\xampp\htdocs\crudCode\vendor\codeigniter4\framework\system\Autoloader\Autoloader.php(258): CodeIgniter\Autoloader\Autoloader->loadInNamespace('App\\Models\\Crud...')
#3 [internal function]: CodeIgniter\Autoloader\Autoloader->loadClass('App\\Models\\Crud...')
#4 C:\xampp\htdocs\crudCode\app\Controllers\Crud.php(10): spl_autoload_call('App\\Models\\Crud...')
#5 C:\xampp\htdocs\crudCode\vendor\codeigniter4\framework\system\CodeIgniter.php(918): App\Controllers\Crud->index()
#6 C:\xampp\htdocs\crudCode\vendor\codeigniter4\framework\system\CodeIgniter.php(404): CodeIgniter\CodeIgniter->runController(Object(App\Controllers\Crud))
#7 C:\xampp\htdocs\crudCode\vendor\codeigniter4\framework\system\CodeIgniter.php(312): CodeIgniter\CodeIgniter->handleRequest(NULL, Object(Config\Cache), false)
#8 C:\xampp\htdocs\crudCode\public\index.php(45): CodeIgniter\CodeIgniter->run()
#9 {main}
CRITICAL - 2020-11-29 20:58:00 --> Class 'CodeIngniter\Model' not found
#0 C:\xampp\htdocs\crudCode\vendor\codeigniter4\framework\system\Autoloader\Autoloader.php(365): require_once()
#1 C:\xampp\htdocs\crudCode\vendor\codeigniter4\framework\system\Autoloader\Autoloader.php(296): CodeIgniter\Autoloader\Autoloader->requireFile('C:\\xampp\\htdocs...')
#2 C:\xampp\htdocs\crudCode\vendor\codeigniter4\framework\system\Autoloader\Autoloader.php(258): CodeIgniter\Autoloader\Autoloader->loadInNamespace('App\\Models\\Crud...')
#3 [internal function]: CodeIgniter\Autoloader\Autoloader->loadClass('App\\Models\\Crud...')
#4 C:\xampp\htdocs\crudCode\app\Controllers\Crud.php(10): spl_autoload_call('App\\Models\\Crud...')
#5 C:\xampp\htdocs\crudCode\vendor\codeigniter4\framework\system\CodeIgniter.php(918): App\Controllers\Crud->index()
#6 C:\xampp\htdocs\crudCode\vendor\codeigniter4\framework\system\CodeIgniter.php(404): CodeIgniter\CodeIgniter->runController(Object(App\Controllers\Crud))
#7 C:\xampp\htdocs\crudCode\vendor\codeigniter4\framework\system\CodeIgniter.php(312): CodeIgniter\CodeIgniter->handleRequest(NULL, Object(Config\Cache), false)
#8 C:\xampp\htdocs\crudCode\public\index.php(45): CodeIgniter\CodeIgniter->run()
#9 {main}
CRITICAL - 2020-11-29 20:58:03 --> Class 'CodeIngniter\Model' not found
#0 C:\xampp\htdocs\crudCode\vendor\codeigniter4\framework\system\Autoloader\Autoloader.php(365): require_once()
#1 C:\xampp\htdocs\crudCode\vendor\codeigniter4\framework\system\Autoloader\Autoloader.php(296): CodeIgniter\Autoloader\Autoloader->requireFile('C:\\xampp\\htdocs...')
#2 C:\xampp\htdocs\crudCode\vendor\codeigniter4\framework\system\Autoloader\Autoloader.php(258): CodeIgniter\Autoloader\Autoloader->loadInNamespace('App\\Models\\Crud...')
#3 [internal function]: CodeIgniter\Autoloader\Autoloader->loadClass('App\\Models\\Crud...')
#4 C:\xampp\htdocs\crudCode\app\Controllers\Crud.php(10): spl_autoload_call('App\\Models\\Crud...')
#5 C:\xampp\htdocs\crudCode\vendor\codeigniter4\framework\system\CodeIgniter.php(918): App\Controllers\Crud->index()
#6 C:\xampp\htdocs\crudCode\vendor\codeigniter4\framework\system\CodeIgniter.php(404): CodeIgniter\CodeIgniter->runController(Object(App\Controllers\Crud))
#7 C:\xampp\htdocs\crudCode\vendor\codeigniter4\framework\system\CodeIgniter.php(312): CodeIgniter\CodeIgniter->handleRequest(NULL, Object(Config\Cache), false)
#8 C:\xampp\htdocs\crudCode\public\index.php(45): CodeIgniter\CodeIgniter->run()
#9 {main}
CRITICAL - 2020-11-29 20:59:44 --> Class 'CodeIngniter\Model' not found
#0 C:\xampp\htdocs\crudCode\vendor\codeigniter4\framework\system\Autoloader\Autoloader.php(365): require_once()
#1 C:\xampp\htdocs\crudCode\vendor\codeigniter4\framework\system\Autoloader\Autoloader.php(296): CodeIgniter\Autoloader\Autoloader->requireFile('C:\\xampp\\htdocs...')
#2 C:\xampp\htdocs\crudCode\vendor\codeigniter4\framework\system\Autoloader\Autoloader.php(258): CodeIgniter\Autoloader\Autoloader->loadInNamespace('App\\Models\\Crud...')
#3 [internal function]: CodeIgniter\Autoloader\Autoloader->loadClass('App\\Models\\Crud...')
#4 C:\xampp\htdocs\crudCode\app\Controllers\Crud.php(10): spl_autoload_call('App\\Models\\Crud...')
#5 C:\xampp\htdocs\crudCode\vendor\codeigniter4\framework\system\CodeIgniter.php(918): App\Controllers\Crud->index()
#6 C:\xampp\htdocs\crudCode\vendor\codeigniter4\framework\system\CodeIgniter.php(404): CodeIgniter\CodeIgniter->runController(Object(App\Controllers\Crud))
#7 C:\xampp\htdocs\crudCode\vendor\codeigniter4\framework\system\CodeIgniter.php(312): CodeIgniter\CodeIgniter->handleRequest(NULL, Object(Config\Cache), false)
#8 C:\xampp\htdocs\crudCode\public\index.php(45): CodeIgniter\CodeIgniter->run()
#9 {main}
CRITICAL - 2020-11-29 21:00:29 --> Class 'CodeIngniter\Model' not found
#0 C:\xampp\htdocs\crudCode\vendor\codeigniter4\framework\system\Autoloader\Autoloader.php(365): require_once()
#1 C:\xampp\htdocs\crudCode\vendor\codeigniter4\framework\system\Autoloader\Autoloader.php(296): CodeIgniter\Autoloader\Autoloader->requireFile('C:\\xampp\\htdocs...')
#2 C:\xampp\htdocs\crudCode\vendor\codeigniter4\framework\system\Autoloader\Autoloader.php(258): CodeIgniter\Autoloader\Autoloader->loadInNamespace('App\\Models\\Crud...')
#3 [internal function]: CodeIgniter\Autoloader\Autoloader->loadClass('App\\Models\\Crud...')
#4 C:\xampp\htdocs\crudCode\app\Controllers\Crud.php(10): spl_autoload_call('App\\Models\\Crud...')
#5 C:\xampp\htdocs\crudCode\vendor\codeigniter4\framework\system\CodeIgniter.php(918): App\Controllers\Crud->index()
#6 C:\xampp\htdocs\crudCode\vendor\codeigniter4\framework\system\CodeIgniter.php(404): CodeIgniter\CodeIgniter->runController(Object(App\Controllers\Crud))
#7 C:\xampp\htdocs\crudCode\vendor\codeigniter4\framework\system\CodeIgniter.php(312): CodeIgniter\CodeIgniter->handleRequest(NULL, Object(Config\Cache), false)
#8 C:\xampp\htdocs\crudCode\public\index.php(45): CodeIgniter\CodeIgniter->run()
#9 {main}
CRITICAL - 2020-11-29 21:00:32 --> Class 'CodeIngniter\Model' not found
#0 C:\xampp\htdocs\crudCode\vendor\codeigniter4\framework\system\Autoloader\Autoloader.php(365): require_once()
#1 C:\xampp\htdocs\crudCode\vendor\codeigniter4\framework\system\Autoloader\Autoloader.php(296): CodeIgniter\Autoloader\Autoloader->requireFile('C:\\xampp\\htdocs...')
#2 C:\xampp\htdocs\crudCode\vendor\codeigniter4\framework\system\Autoloader\Autoloader.php(258): CodeIgniter\Autoloader\Autoloader->loadInNamespace('App\\Models\\Crud...')
#3 [internal function]: CodeIgniter\Autoloader\Autoloader->loadClass('App\\Models\\Crud...')
#4 C:\xampp\htdocs\crudCode\app\Controllers\Crud.php(10): spl_autoload_call('App\\Models\\Crud...')
#5 C:\xampp\htdocs\crudCode\vendor\codeigniter4\framework\system\CodeIgniter.php(918): App\Controllers\Crud->index()
#6 C:\xampp\htdocs\crudCode\vendor\codeigniter4\framework\system\CodeIgniter.php(404): CodeIgniter\CodeIgniter->runController(Object(App\Controllers\Crud))
#7 C:\xampp\htdocs\crudCode\vendor\codeigniter4\framework\system\CodeIgniter.php(312): CodeIgniter\CodeIgniter->handleRequest(NULL, Object(Config\Cache), false)
#8 C:\xampp\htdocs\crudCode\public\index.php(45): CodeIgniter\CodeIgniter->run()
#9 {main}
CRITICAL - 2020-11-29 21:06:03 --> Class 'CodeIngniter\Model' not found
#0 C:\xampp\htdocs\crudCode\vendor\codeigniter4\framework\system\Autoloader\Autoloader.php(365): require_once()
#1 C:\xampp\htdocs\crudCode\vendor\codeigniter4\framework\system\Autoloader\Autoloader.php(296): CodeIgniter\Autoloader\Autoloader->requireFile('C:\\xampp\\htdocs...')
#2 C:\xampp\htdocs\crudCode\vendor\codeigniter4\framework\system\Autoloader\Autoloader.php(258): CodeIgniter\Autoloader\Autoloader->loadInNamespace('App\\Models\\Crud...')
#3 [internal function]: CodeIgniter\Autoloader\Autoloader->loadClass('App\\Models\\Crud...')
#4 C:\xampp\htdocs\crudCode\app\Controllers\Crud.php(10): spl_autoload_call('App\\Models\\Crud...')
#5 C:\xampp\htdocs\crudCode\vendor\codeigniter4\framework\system\CodeIgniter.php(918): App\Controllers\Crud->index()
#6 C:\xampp\htdocs\crudCode\vendor\codeigniter4\framework\system\CodeIgniter.php(404): CodeIgniter\CodeIgniter->runController(Object(App\Controllers\Crud))
#7 C:\xampp\htdocs\crudCode\vendor\codeigniter4\framework\system\CodeIgniter.php(312): CodeIgniter\CodeIgniter->handleRequest(NULL, Object(Config\Cache), false)
#8 C:\xampp\htdocs\crudCode\public\index.php(45): CodeIgniter\CodeIgniter->run()
#9 {main}
CRITICAL - 2020-11-29 21:16:33 --> Class 'CodeIngniter\Model' not found
#0 C:\xampp\htdocs\crudCode\vendor\codeigniter4\framework\system\Autoloader\Autoloader.php(365): require_once()
#1 C:\xampp\htdocs\crudCode\vendor\codeigniter4\framework\system\Autoloader\Autoloader.php(296): CodeIgniter\Autoloader\Autoloader->requireFile('C:\\xampp\\htdocs...')
#2 C:\xampp\htdocs\crudCode\vendor\codeigniter4\framework\system\Autoloader\Autoloader.php(258): CodeIgniter\Autoloader\Autoloader->loadInNamespace('App\\Models\\Crud...')
#3 [internal function]: CodeIgniter\Autoloader\Autoloader->loadClass('App\\Models\\Crud...')
#4 C:\xampp\htdocs\crudCode\app\Controllers\Crud.php(10): spl_autoload_call('App\\Models\\Crud...')
#5 C:\xampp\htdocs\crudCode\vendor\codeigniter4\framework\system\CodeIgniter.php(918): App\Controllers\Crud->index()
#6 C:\xampp\htdocs\crudCode\vendor\codeigniter4\framework\system\CodeIgniter.php(404): CodeIgniter\CodeIgniter->runController(Object(App\Controllers\Crud))
#7 C:\xampp\htdocs\crudCode\vendor\codeigniter4\framework\system\CodeIgniter.php(312): CodeIgniter\CodeIgniter->handleRequest(NULL, Object(Config\Cache), false)
#8 C:\xampp\htdocs\crudCode\public\index.php(45): CodeIgniter\CodeIgniter->run()
#9 {main}
CRITICAL - 2020-11-29 21:16:37 --> Class 'CodeIngniter\Model' not found
#0 C:\xampp\htdocs\crudCode\vendor\codeigniter4\framework\system\Autoloader\Autoloader.php(365): require_once()
#1 C:\xampp\htdocs\crudCode\vendor\codeigniter4\framework\system\Autoloader\Autoloader.php(296): CodeIgniter\Autoloader\Autoloader->requireFile('C:\\xampp\\htdocs...')
#2 C:\xampp\htdocs\crudCode\vendor\codeigniter4\framework\system\Autoloader\Autoloader.php(258): CodeIgniter\Autoloader\Autoloader->loadInNamespace('App\\Models\\Crud...')
#3 [internal function]: CodeIgniter\Autoloader\Autoloader->loadClass('App\\Models\\Crud...')
#4 C:\xampp\htdocs\crudCode\app\Controllers\Crud.php(10): spl_autoload_call('App\\Models\\Crud...')
#5 C:\xampp\htdocs\crudCode\vendor\codeigniter4\framework\system\CodeIgniter.php(918): App\Controllers\Crud->index()
#6 C:\xampp\htdocs\crudCode\vendor\codeigniter4\framework\system\CodeIgniter.php(404): CodeIgniter\CodeIgniter->runController(Object(App\Controllers\Crud))
#7 C:\xampp\htdocs\crudCode\vendor\codeigniter4\framework\system\CodeIgniter.php(312): CodeIgniter\CodeIgniter->handleRequest(NULL, Object(Config\Cache), false)
#8 C:\xampp\htdocs\crudCode\public\index.php(45): CodeIgniter\CodeIgniter->run()
#9 {main}
CRITICAL - 2020-11-29 22:42:25 --> Cannot declare class App\Database\Migrations\TPersonas, because the name is already in use
#0 [internal function]: CodeIgniter\Debug\Exceptions->shutdownHandler()
#1 {main}
CRITICAL - 2020-11-29 22:43:26 --> Class 'CodeIngniter\Model' not found
#0 C:\xampp\htdocs\crudCode\vendor\codeigniter4\framework\system\Autoloader\Autoloader.php(365): require_once()
#1 C:\xampp\htdocs\crudCode\vendor\codeigniter4\framework\system\Autoloader\Autoloader.php(296): CodeIgniter\Autoloader\Autoloader->requireFile('C:\\xampp\\htdocs...')
#2 C:\xampp\htdocs\crudCode\vendor\codeigniter4\framework\system\Autoloader\Autoloader.php(258): CodeIgniter\Autoloader\Autoloader->loadInNamespace('App\\Models\\Crud...')
#3 [internal function]: CodeIgniter\Autoloader\Autoloader->loadClass('App\\Models\\Crud...')
#4 C:\xampp\htdocs\crudCode\app\Controllers\Crud.php(10): spl_autoload_call('App\\Models\\Crud...')
#5 C:\xampp\htdocs\crudCode\vendor\codeigniter4\framework\system\CodeIgniter.php(918): App\Controllers\Crud->index()
#6 C:\xampp\htdocs\crudCode\vendor\codeigniter4\framework\system\CodeIgniter.php(404): CodeIgniter\CodeIgniter->runController(Object(App\Controllers\Crud))
#7 C:\xampp\htdocs\crudCode\vendor\codeigniter4\framework\system\CodeIgniter.php(312): CodeIgniter\CodeIgniter->handleRequest(NULL, Object(Config\Cache), false)
#8 C:\xampp\htdocs\crudCode\public\index.php(45): CodeIgniter\CodeIgniter->run()
#9 {main}
CRITICAL - 2020-11-29 22:43:51 --> Class 'CodeIngniter\Model' not found
#0 C:\xampp\htdocs\crudCode\vendor\codeigniter4\framework\system\Autoloader\Autoloader.php(365): require_once()
#1 C:\xampp\htdocs\crudCode\vendor\codeigniter4\framework\system\Autoloader\Autoloader.php(296): CodeIgniter\Autoloader\Autoloader->requireFile('C:\\xampp\\htdocs...')
#2 C:\xampp\htdocs\crudCode\vendor\codeigniter4\framework\system\Autoloader\Autoloader.php(258): CodeIgniter\Autoloader\Autoloader->loadInNamespace('App\\Models\\Crud...')
#3 [internal function]: CodeIgniter\Autoloader\Autoloader->loadClass('App\\Models\\Crud...')
#4 C:\xampp\htdocs\crudCode\app\Controllers\Crud.php(10): spl_autoload_call('App\\Models\\Crud...')
#5 C:\xampp\htdocs\crudCode\vendor\codeigniter4\framework\system\CodeIgniter.php(918): App\Controllers\Crud->index()
#6 C:\xampp\htdocs\crudCode\vendor\codeigniter4\framework\system\CodeIgniter.php(404): CodeIgniter\CodeIgniter->runController(Object(App\Controllers\Crud))
#7 C:\xampp\htdocs\crudCode\vendor\codeigniter4\framework\system\CodeIgniter.php(312): CodeIgniter\CodeIgniter->handleRequest(NULL, Object(Config\Cache), false)
#8 C:\xampp\htdocs\crudCode\public\index.php(45): CodeIgniter\CodeIgniter->run()
#9 {main}
CRITICAL - 2020-11-29 22:49:07 --> Class 'CodeIngniter\Model' not found
#0 C:\xampp\htdocs\crudCode\vendor\codeigniter4\framework\system\Autoloader\Autoloader.php(365): require_once()
#1 C:\xampp\htdocs\crudCode\vendor\codeigniter4\framework\system\Autoloader\Autoloader.php(296): CodeIgniter\Autoloader\Autoloader->requireFile('C:\\xampp\\htdocs...')
#2 C:\xampp\htdocs\crudCode\vendor\codeigniter4\framework\system\Autoloader\Autoloader.php(258): CodeIgniter\Autoloader\Autoloader->loadInNamespace('App\\Models\\Crud...')
#3 [internal function]: CodeIgniter\Autoloader\Autoloader->loadClass('App\\Models\\Crud...')
#4 C:\xampp\htdocs\crudCode\app\Controllers\Crud.php(10): spl_autoload_call('App\\Models\\Crud...')
#5 C:\xampp\htdocs\crudCode\vendor\codeigniter4\framework\system\CodeIgniter.php(918): App\Controllers\Crud->index()
#6 C:\xampp\htdocs\crudCode\vendor\codeigniter4\framework\system\CodeIgniter.php(404): CodeIgniter\CodeIgniter->runController(Object(App\Controllers\Crud))
#7 C:\xampp\htdocs\crudCode\vendor\codeigniter4\framework\system\CodeIgniter.php(312): CodeIgniter\CodeIgniter->handleRequest(NULL, Object(Config\Cache), false)
#8 C:\xampp\htdocs\crudCode\public\index.php(45): CodeIgniter\CodeIgniter->run()
#9 {main}
CRITICAL - 2020-11-29 22:51:41 --> Class 'CodeIngniter\Model' not found
#0 C:\xampp\htdocs\crudCode\vendor\codeigniter4\framework\system\Autoloader\Autoloader.php(365): require_once()
#1 C:\xampp\htdocs\crudCode\vendor\codeigniter4\framework\system\Autoloader\Autoloader.php(296): CodeIgniter\Autoloader\Autoloader->requireFile('C:\\xampp\\htdocs...')
#2 C:\xampp\htdocs\crudCode\vendor\codeigniter4\framework\system\Autoloader\Autoloader.php(258): CodeIgniter\Autoloader\Autoloader->loadInNamespace('App\\Models\\Crud...')
#3 [internal function]: CodeIgniter\Autoloader\Autoloader->loadClass('App\\Models\\Crud...')
#4 C:\xampp\htdocs\crudCode\app\Controllers\Crud.php(10): spl_autoload_call('App\\Models\\Crud...')
#5 C:\xampp\htdocs\crudCode\vendor\codeigniter4\framework\system\CodeIgniter.php(918): App\Controllers\Crud->index()
#6 C:\xampp\htdocs\crudCode\vendor\codeigniter4\framework\system\CodeIgniter.php(404): CodeIgniter\CodeIgniter->runController(Object(App\Controllers\Crud))
#7 C:\xampp\htdocs\crudCode\vendor\codeigniter4\framework\system\CodeIgniter.php(312): CodeIgniter\CodeIgniter->handleRequest(NULL, Object(Config\Cache), false)
#8 C:\xampp\htdocs\crudCode\public\index.php(45): CodeIgniter\CodeIgniter->run()
#9 {main}
CRITICAL - 2020-11-29 22:51:48 --> Class 'CodeIngniter\Model' not found
#0 C:\xampp\htdocs\crudCode\vendor\codeigniter4\framework\system\Autoloader\Autoloader.php(365): require_once()
#1 C:\xampp\htdocs\crudCode\vendor\codeigniter4\framework\system\Autoloader\Autoloader.php(296): CodeIgniter\Autoloader\Autoloader->requireFile('C:\\xampp\\htdocs...')
#2 C:\xampp\htdocs\crudCode\vendor\codeigniter4\framework\system\Autoloader\Autoloader.php(258): CodeIgniter\Autoloader\Autoloader->loadInNamespace('App\\Models\\Crud...')
#3 [internal function]: CodeIgniter\Autoloader\Autoloader->loadClass('App\\Models\\Crud...')
#4 C:\xampp\htdocs\crudCode\app\Controllers\Crud.php(10): spl_autoload_call('App\\Models\\Crud...')
#5 C:\xampp\htdocs\crudCode\vendor\codeigniter4\framework\system\CodeIgniter.php(918): App\Controllers\Crud->index()
#6 C:\xampp\htdocs\crudCode\vendor\codeigniter4\framework\system\CodeIgniter.php(404): CodeIgniter\CodeIgniter->runController(Object(App\Controllers\Crud))
#7 C:\xampp\htdocs\crudCode\vendor\codeigniter4\framework\system\CodeIgniter.php(312): CodeIgniter\CodeIgniter->handleRequest(NULL, Object(Config\Cache), false)
#8 C:\xampp\htdocs\crudCode\public\index.php(45): CodeIgniter\CodeIgniter->run()
#9 {main}
CRITICAL - 2020-11-29 22:53:21 --> Class 'CodeIngniter\Model' not found
#0 C:\xampp\htdocs\crudCode\vendor\codeigniter4\framework\system\Autoloader\Autoloader.php(365): require_once()
#1 C:\xampp\htdocs\crudCode\vendor\codeigniter4\framework\system\Autoloader\Autoloader.php(296): CodeIgniter\Autoloader\Autoloader->requireFile('C:\\xampp\\htdocs...')
#2 C:\xampp\htdocs\crudCode\vendor\codeigniter4\framework\system\Autoloader\Autoloader.php(258): CodeIgniter\Autoloader\Autoloader->loadInNamespace('App\\Models\\Crud...')
#3 [internal function]: CodeIgniter\Autoloader\Autoloader->loadClass('App\\Models\\Crud...')
#4 C:\xampp\htdocs\crudCode\app\Controllers\Crud.php(10): spl_autoload_call('App\\Models\\Crud...')
#5 C:\xampp\htdocs\crudCode\vendor\codeigniter4\framework\system\CodeIgniter.php(918): App\Controllers\Crud->index()
#6 C:\xampp\htdocs\crudCode\vendor\codeigniter4\framework\system\CodeIgniter.php(404): CodeIgniter\CodeIgniter->runController(Object(App\Controllers\Crud))
#7 C:\xampp\htdocs\crudCode\vendor\codeigniter4\framework\system\CodeIgniter.php(312): CodeIgniter\CodeIgniter->handleRequest(NULL, Object(Config\Cache), false)
#8 C:\xampp\htdocs\crudCode\public\index.php(45): CodeIgniter\CodeIgniter->run()
#9 {main}
CRITICAL - 2020-11-29 23:11:53 --> Class 'CodeIngniter\Model' not found
#0 C:\xampp\htdocs\crudCode\vendor\codeigniter4\framework\system\Autoloader\Autoloader.php(365): require_once()
#1 C:\xampp\htdocs\crudCode\vendor\codeigniter4\framework\system\Autoloader\Autoloader.php(296): CodeIgniter\Autoloader\Autoloader->requireFile('C:\\xampp\\htdocs...')
#2 C:\xampp\htdocs\crudCode\vendor\codeigniter4\framework\system\Autoloader\Autoloader.php(258): CodeIgniter\Autoloader\Autoloader->loadInNamespace('App\\Models\\Crud...')
#3 [internal function]: CodeIgniter\Autoloader\Autoloader->loadClass('App\\Models\\Crud...')
#4 C:\xampp\htdocs\crudCode\app\Controllers\Crud.php(10): spl_autoload_call('App\\Models\\Crud...')
#5 C:\xampp\htdocs\crudCode\vendor\codeigniter4\framework\system\CodeIgniter.php(918): App\Controllers\Crud->index()
#6 C:\xampp\htdocs\crudCode\vendor\codeigniter4\framework\system\CodeIgniter.php(404): CodeIgniter\CodeIgniter->runController(Object(App\Controllers\Crud))
#7 C:\xampp\htdocs\crudCode\vendor\codeigniter4\framework\system\CodeIgniter.php(312): CodeIgniter\CodeIgniter->handleRequest(NULL, Object(Config\Cache), false)
#8 C:\xampp\htdocs\crudCode\public\index.php(45): CodeIgniter\CodeIgniter->run()
#9 {main}
CRITICAL - 2020-11-29 23:17:26 --> Class 'CodeIngniter\Model' not found
#0 C:\xampp\htdocs\crudCode\vendor\codeigniter4\framework\system\Autoloader\Autoloader.php(365): require_once()
#1 C:\xampp\htdocs\crudCode\vendor\codeigniter4\framework\system\Autoloader\Autoloader.php(296): CodeIgniter\Autoloader\Autoloader->requireFile('C:\\xampp\\htdocs...')
#2 C:\xampp\htdocs\crudCode\vendor\codeigniter4\framework\system\Autoloader\Autoloader.php(258): CodeIgniter\Autoloader\Autoloader->loadInNamespace('App\\Models\\Crud...')
#3 [internal function]: CodeIgniter\Autoloader\Autoloader->loadClass('App\\Models\\Crud...')
#4 C:\xampp\htdocs\crudCode\app\Controllers\Crud.php(10): spl_autoload_call('App\\Models\\Crud...')
#5 C:\xampp\htdocs\crudCode\vendor\codeigniter4\framework\system\CodeIgniter.php(918): App\Controllers\Crud->index()
#6 C:\xampp\htdocs\crudCode\vendor\codeigniter4\framework\system\CodeIgniter.php(404): CodeIgniter\CodeIgniter->runController(Object(App\Controllers\Crud))
#7 C:\xampp\htdocs\crudCode\vendor\codeigniter4\framework\system\CodeIgniter.php(312): CodeIgniter\CodeIgniter->handleRequest(NULL, Object(Config\Cache), false)
#8 C:\xampp\htdocs\crudCode\public\index.php(45): CodeIgniter\CodeIgniter->run()
#9 {main}
